<?xml version="1.0" encoding="UTF-8"?>
<!-- Generated by org.testng.reporters.JUnitXMLReporter -->
<testsuite ignored="0" hostname="NML190" failures="1" tests="2" name="FireFoxTest" time="11.192" errors="0" timestamp="2023-12-14T17:29:14 IST">
  <testcase classname="demo.CrossBrowserTesting" name="verifyDahboard" time="0.02">
    <failure type="java.lang.AssertionError" message="Invalid URL  expected [https://opensource-demo.orangehrmlive.com/web/index.php/dashboard/index] but found [https://opensource-demo.orangehrmlive.com/web/index.php/auth/login]">
      <![CDATA[java.lang.AssertionError: Invalid URL  expected [https://opensource-demo.orangehrmlive.com/web/index.php/dashboard/index] but found [https://opensource-demo.orangehrmlive.com/web/index.php/auth/login]
at demo.CrossBrowserTesting.verifyDahboard(CrossBrowserTesting.java:53)
at java.base/java.util.concurrent.ThreadPoolExecutor.runWorker(ThreadPoolExecutor.java:1136)
at java.base/java.util.concurrent.ThreadPoolExecutor$Worker.run(ThreadPoolExecutor.java:635)
at java.base/java.lang.Thread.run(Thread.java:833)
... Removed 17 stack frames]]>
    </failure>
  </testcase> <!-- verifyDahboard -->
  <testcase classname="demo.CrossBrowserTesting" name="login" time="1.988"/>
</testsuite> <!-- FireFoxTest -->
