<?xml version="1.0" encoding="UTF-8"?>
<!-- Generated by org.testng.reporters.JUnitXMLReporter -->
<testsuite ignored="1" hostname="NML190" failures="0" tests="4" name="Test" time="0.08" errors="0" timestamp="2023-11-29T14:36:02 IST">
  <testcase classname="demo.NewTest1" name="thiirdMethod" time="0.007"/>
  <testcase classname="demo.NewTest1" name="thirdMethod" time="0.004"/>
  <testcase classname="demo.NewTest1" name="seccondMethod" time="0.002"/>
  <testcase classname="demo.NewTest1" name="secondMethod" time="0.004"/>
  <testcase classname="demo.NewTest1" name="firstMethod" time="0.0">
    <ignored/>
  </testcase> <!-- firstMethod -->
</testsuite> <!-- Test -->
